<?xml version="1.0" encoding="UTF-8"?>
<testng-results skipped="0" failed="0" ignored="0" total="2" passed="2">
  <reporter-output>
  </reporter-output>
  <suite name="Suite" duration-ms="44" started-at="2019-08-07T11:35:13Z" finished-at="2019-08-07T11:35:13Z">
    <groups>
    </groups>
    <test name="Test" duration-ms="44" started-at="2019-08-07T11:35:13Z" finished-at="2019-08-07T11:35:13Z">
      <class name="in.net.usit.mavenjava.TestngTest">
        <test-method status="PASS" signature="getTestngTest()[pri:0, instance:in.net.usit.mavenjava.TestngTest@20d3d15a]" name="getTestngTest" duration-ms="9" started-at="2019-08-07T17:05:13Z" finished-at="2019-08-07T17:05:13Z">
          <reporter-output>
          </reporter-output>
        </test-method> <!-- getTestngTest -->
        <test-method status="PASS" signature="postTestngTest()[pri:0, instance:in.net.usit.mavenjava.TestngTest@20d3d15a]" name="postTestngTest" duration-ms="0" started-at="2019-08-07T17:05:13Z" finished-at="2019-08-07T17:05:13Z">
          <reporter-output>
          </reporter-output>
        </test-method> <!-- postTestngTest -->
      </class> <!-- in.net.usit.mavenjava.TestngTest -->
    </test> <!-- Test -->
  </suite> <!-- Suite -->
</testng-results>
